# JRE version: Java(TM) SE Runtime Environment (17.0.12+8) (build 17.0.12+8-LTS-286)
# Java VM: Java HotSpot(TM) 64-Bit Server VM (17.0.12+8-LTS-286, mixed mode, sharing, tiered, compressed oops, compressed class ptrs, g1 gc, windows-amd64)
GC Precious Log:
 CPUs: 8 total, 8 available
 Memory: 3406M
 Large Page Support: Disabled
 NUMA Support: Disabled
 Compressed Oops: Enabled (32-bit)
 Heap Region Size: 1M
 Heap Min Capacity: 8M
 Heap Initial Capacity: 54M
 Heap Max Capacity: 852M
 Pre-touch: Disabled
 Parallel Workers: 8
 Concurrent Workers: 2
 Concurrent Refinement Workers: 8
 Periodic GC: Disabled
Heap:
 garbage-first heap   total 117760K, used 73817K [0x00000000cac00000, 0x0000000100000000)
  region size 1024K, 10 young (10240K), 1 survivors (1024K)
 Metaspace       used 70776K, committed 71104K, reserved 1114112K
  class space    used 8053K, committed 8192K, reserved 1048576K
GC Heap History (20 events):
Event: 18.177 GC heap before
{Heap before GC invocations=15 (full 0):
 garbage-first heap   total 83968K, used 64889K [0x00000000cac00000, 0x0000000100000000)
  region size 1024K, 19 young (19456K), 2 survivors (2048K)
 Metaspace       used 45158K, committed 45440K, reserved 1114112K
  class space    used 5438K, committed 5568K, reserved 1048576K
}
Event: 18.195 GC heap after
{Heap after GC invocations=16 (full 0):
 garbage-first heap   total 83968K, used 51107K [0x00000000cac00000, 0x0000000100000000)
  region size 1024K, 3 young (3072K), 3 survivors (3072K)
 Metaspace       used 45158K, committed 45440K, reserved 1114112K
  class space    used 5438K, committed 5568K, reserved 1048576K
}
Event: 18.823 GC heap before
{Heap before GC invocations=16 (full 0):
 garbage-first heap   total 83968K, used 66467K [0x00000000cac00000, 0x0000000100000000)
  region size 1024K, 18 young (18432K), 3 survivors (3072K)
 Metaspace       used 45732K, committed 46016K, reserved 1114112K
  class space    used 5508K, committed 5632K, reserved 1048576K
}
Event: 18.852 GC heap after
{Heap after GC invocations=17 (full 0):
 garbage-first heap   total 83968K, used 55165K [0x00000000cac00000, 0x0000000100000000)
  region size 1024K, 3 young (3072K), 3 survivors (3072K)
 Metaspace       used 45732K, committed 46016K, reserved 1114112K
  class space    used 5508K, committed 5632K, reserved 1048576K
}
Event: 20.458 GC heap before
{Heap before GC invocations=18 (full 0):
 garbage-first heap   total 92160K, used 66429K [0x00000000cac00000, 0x0000000100000000)
  region size 1024K, 15 young (15360K), 3 survivors (3072K)
 Metaspace       used 46385K, committed 46720K, reserved 1114112K
  class space    used 5561K, committed 5696K, reserved 1048576K
}
Event: 20.486 GC heap after
{Heap after GC invocations=19 (full 0):
 garbage-first heap   total 92160K, used 57313K [0x00000000cac00000, 0x0000000100000000)
  region size 1024K, 2 young (2048K), 2 survivors (2048K)
 Metaspace       used 46385K, committed 46720K, reserved 1114112K
  class space    used 5561K, committed 5696K, reserved 1048576K
}
Event: 20.806 GC heap before
{Heap before GC invocations=19 (full 0):
 garbage-first heap   total 92160K, used 59361K [0x00000000cac00000, 0x0000000100000000)
  region size 1024K, 4 young (4096K), 2 survivors (2048K)
 Metaspace       used 46632K, committed 46976K, reserved 1114112K
  class space    used 5578K, committed 5696K, reserved 1048576K
}
Event: 20.823 GC heap after
{Heap after GC invocations=20 (full 0):
 garbage-first heap   total 92160K, used 57511K [0x00000000cac00000, 0x0000000100000000)
  region size 1024K, 1 young (1024K), 1 survivors (1024K)
 Metaspace       used 46632K, committed 46976K, reserved 1114112K
  class space    used 5578K, committed 5696K, reserved 1048576K
}
Event: 22.249 GC heap before
{Heap before GC invocations=20 (full 0):
 garbage-first heap   total 92160K, used 71847K [0x00000000cac00000, 0x0000000100000000)
  region size 1024K, 16 young (16384K), 1 survivors (1024K)
 Metaspace       used 49157K, committed 49472K, reserved 1114112K
  class space    used 5832K, committed 5952K, reserved 1048576K
}
Event: 22.263 GC heap after
{Heap after GC invocations=21 (full 0):
 garbage-first heap   total 117760K, used 59670K [0x00000000cac00000, 0x0000000100000000)
  region size 1024K, 2 young (2048K), 2 survivors (2048K)
 Metaspace       used 49157K, committed 49472K, reserved 1114112K
  class space    used 5832K, committed 5952K, reserved 1048576K
}
Event: 25.363 GC heap before
{Heap before GC invocations=22 (full 0):
 garbage-first heap   total 117760K, used 89366K [0x00000000cac00000, 0x0000000100000000)
  region size 1024K, 31 young (31744K), 2 survivors (2048K)
 Metaspace       used 55199K, committed 55488K, reserved 1114112K
  class space    used 6401K, committed 6528K, reserved 1048576K
}
Event: 25.381 GC heap after
{Heap after GC invocations=23 (full 0):
 garbage-first heap   total 117760K, used 62129K [0x00000000cac00000, 0x0000000100000000)
  region size 1024K, 4 young (4096K), 4 survivors (4096K)
 Metaspace       used 55199K, committed 55488K, reserved 1114112K
  class space    used 6401K, committed 6528K, reserved 1048576K
}
Event: 25.433 GC heap before
{Heap before GC invocations=23 (full 0):
 garbage-first heap   total 117760K, used 62129K [0x00000000cac00000, 0x0000000100000000)
  region size 1024K, 5 young (5120K), 4 survivors (4096K)
 Metaspace       used 55469K, committed 55744K, reserved 1114112K
  class space    used 6417K, committed 6528K, reserved 1048576K
}
Event: 25.449 GC heap after
{Heap after GC invocations=24 (full 0):
 garbage-first heap   total 117760K, used 62277K [0x00000000cac00000, 0x0000000100000000)
  region size 1024K, 1 young (1024K), 1 survivors (1024K)
 Metaspace       used 55469K, committed 55744K, reserved 1114112K
  class space    used 6417K, committed 6528K, reserved 1048576K
}
Event: 27.167 GC heap before
{Heap before GC invocations=24 (full 0):
 garbage-first heap   total 117760K, used 90949K [0x00000000cac00000, 0x0000000100000000)
  region size 1024K, 29 young (29696K), 1 survivors (1024K)
 Metaspace       used 61173K, committed 61440K, reserved 1114112K
  class space    used 7106K, committed 7232K, reserved 1048576K
}
Event: 27.177 GC heap after
{Heap after GC invocations=25 (full 0):
 garbage-first heap   total 117760K, used 63898K [0x00000000cac00000, 0x0000000100000000)
  region size 1024K, 3 young (3072K), 3 survivors (3072K)
 Metaspace       used 61173K, committed 61440K, reserved 1114112K
  class space    used 7106K, committed 7232K, reserved 1048576K
}
Event: 29.660 GC heap before
{Heap before GC invocations=26 (full 0):
 garbage-first heap   total 117760K, used 92570K [0x00000000cac00000, 0x0000000100000000)
  region size 1024K, 31 young (31744K), 3 survivors (3072K)
 Metaspace       used 68210K, committed 68544K, reserved 1114112K
  class space    used 7806K, committed 7936K, reserved 1048576K
}
Event: 29.672 GC heap after
{Heap after GC invocations=27 (full 0):
 garbage-first heap   total 117760K, used 65879K [0x00000000cac00000, 0x0000000100000000)
  region size 1024K, 2 young (2048K), 2 survivors (2048K)
 Metaspace       used 68210K, committed 68544K, reserved 1114112K
  class space    used 7806K, committed 7936K, reserved 1048576K
}
Event: 31.874 GC heap before
{Heap before GC invocations=27 (full 0):
 garbage-first heap   total 117760K, used 68951K [0x00000000cac00000, 0x0000000100000000)
  region size 1024K, 5 young (5120K), 2 survivors (2048K)
 Metaspace       used 68935K, committed 69248K, reserved 1114112K
  class space    used 7878K, committed 8000K, reserved 1048576K
}
Event: 31.883 GC heap after
{Heap after GC invocations=28 (full 0):
 garbage-first heap   total 117760K, used 65625K [0x00000000cac00000, 0x0000000100000000)
  region size 1024K, 1 young (1024K), 1 survivors (1024K)
 Metaspace       used 68935K, committed 69248K, reserved 1114112K
  class space    used 7878K, committed 8000K, reserved 1048576K
}

